Determining if the pthread_create exist failed with the following output:
Change Dir: /home/groupproject/catkin_ws/build/CMakeFiles/CMakeTmp

Run Build Command:/usr/bin/make "cmTryCompileExec3605889390/fast"
/usr/bin/make -f CMakeFiles/cmTryCompileExec3605889390.dir/build.make CMakeFiles/cmTryCompileExec3605889390.dir/build
make[1]: Entering directory `/home/groupproject/catkin_ws/build/CMakeFiles/CMakeTmp'
/usr/bin/cmake -E cmake_progress_report /home/groupproject/catkin_ws/build/CMakeFiles/CMakeTmp/CMakeFiles 1
Building C object CMakeFiles/cmTryCompileExec3605889390.dir/CheckSymbolExists.c.o
/usr/bin/cc    -o CMakeFiles/cmTryCompileExec3605889390.dir/CheckSymbolExists.c.o   -c /home/groupproject/catkin_ws/build/CMakeFiles/CMakeTmp/CheckSymbolExists.c
Linking C executable cmTryCompileExec3605889390
/usr/bin/cmake -E cmake_link_script CMakeFiles/cmTryCompileExec3605889390.dir/link.txt --verbose=1
/usr/bin/cc       CMakeFiles/cmTryCompileExec3605889390.dir/CheckSymbolExists.c.o  -o cmTryCompileExec3605889390 -rdynamic 
CMakeFiles/cmTryCompileExec3605889390.dir/CheckSymbolExists.c.o: In function `main':
CheckSymbolExists.c:(.text+0x16): undefined reference to `pthread_create'
collect2: error: ld returned 1 exit status
make[1]: Leaving directory `/home/groupproject/catkin_ws/build/CMakeFiles/CMakeTmp'
make[1]: *** [cmTryCompileExec3605889390] Error 1
make: *** [cmTryCompileExec3605889390/fast] Error 2

File /home/groupproject/catkin_ws/build/CMakeFiles/CMakeTmp/CheckSymbolExists.c:
/* */
#include <pthread.h>

int main(int argc, char** argv)
{
  (void)argv;
#ifndef pthread_create
  return ((int*)(&pthread_create))[argc];
#else
  (void)argc;
  return 0;
#endif
}

Determining if the function pthread_create exists in the pthreads failed with the following output:
Change Dir: /home/groupproject/catkin_ws/build/CMakeFiles/CMakeTmp

Run Build Command:/usr/bin/make "cmTryCompileExec692746699/fast"
/usr/bin/make -f CMakeFiles/cmTryCompileExec692746699.dir/build.make CMakeFiles/cmTryCompileExec692746699.dir/build
make[1]: Entering directory `/home/groupproject/catkin_ws/build/CMakeFiles/CMakeTmp'
/usr/bin/cmake -E cmake_progress_report /home/groupproject/catkin_ws/build/CMakeFiles/CMakeTmp/CMakeFiles 1
Building C object CMakeFiles/cmTryCompileExec692746699.dir/CheckFunctionExists.c.o
/usr/bin/cc   -DCHECK_FUNCTION_EXISTS=pthread_create   -o CMakeFiles/cmTryCompileExec692746699.dir/CheckFunctionExists.c.o   -c /usr/share/cmake-2.8/Modules/CheckFunctionExists.c
Linking C executable cmTryCompileExec692746699
/usr/bin/cmake -E cmake_link_script CMakeFiles/cmTryCompileExec692746699.dir/link.txt --verbose=1
/usr/bin/cc   -DCHECK_FUNCTION_EXISTS=pthread_create    CMakeFiles/cmTryCompileExec692746699.dir/CheckFunctionExists.c.o  -o cmTryCompileExec692746699 -rdynamic -lpthreads 
/usr/bin/ld: cannot find -lpthreads
collect2: error: ld returned 1 exit status
make[1]: Leaving directory `/home/groupproject/catkin_ws/build/CMakeFiles/CMakeTmp'
make[1]: *** [cmTryCompileExec692746699] Error 1
make: *** [cmTryCompileExec692746699/fast] Error 2


